app/build/intermediates/manifest_merge_blame_file/debug/manifest-merger-blame-debug-report.txt
1<?xml version="1.0" encoding="utf-8"?>
2<manifest xmlns:android="http://schemas.android.com/apk/res/android"
3    package="com.example.android.bakery"
4    android:versionCode="1"
5    android:versionName="1.0" >
6
7    <uses-sdk
8        android:minSdkVersion="19"
8-->src\main\AndroidManifest.xml
9        android:targetSdkVersion="30" />
9-->src\main\AndroidManifest.xml
10
11    <uses-permission android:name="android.permission.INTERNET" />
11-->src\main\AndroidManifest.xml:5:5-67
11-->src\main\AndroidManifest.xml:5:22-64
12
13    <!-- Although the *SdkVersion is captured in gradle build files, this is required for non gradle builds -->
14    <!-- <uses-sdk android:minSdkVersion="14"/> -->
15    <uses-permission android:name="android.permission.ACCESS_NETWORK_STATE" />
15-->[com.google.firebase:firebase-database:19.5.1] AndroidManifest.xml:25:5-79
15-->[com.google.firebase:firebase-database:19.5.1] AndroidManifest.xml:25:22-76
16    <uses-permission android:name="android.permission.WAKE_LOCK" />
16-->[com.google.android.gms:play-services-measurement:18.0.0] AndroidManifest.xml:25:5-68
16-->[com.google.android.gms:play-services-measurement:18.0.0] AndroidManifest.xml:25:22-65
17    <uses-permission android:name="com.google.android.finsky.permission.BIND_GET_INSTALL_REFERRER_SERVICE" />
17-->[com.google.android.gms:play-services-measurement:18.0.0] AndroidManifest.xml:26:5-110
17-->[com.google.android.gms:play-services-measurement:18.0.0] AndroidManifest.xml:26:22-107
18
19    <application
19-->src\main\AndroidManifest.xml:7:5-50:19
20        android:name="androidx.multidex.MultiDexApplication"
21        android:allowBackup="true"
21-->src\main\AndroidManifest.xml:8:9-35
22        android:appComponentFactory="androidx.core.app.CoreComponentFactory"
22-->[androidx.core:core:1.3.1] AndroidManifest.xml:24:18-86
23        android:debuggable="true"
24        android:icon="@mipmap/ic_launcher"
24-->src\main\AndroidManifest.xml:9:9-43
25        android:label="@string/app_name"
25-->src\main\AndroidManifest.xml:10:9-41
26        android:roundIcon="@mipmap/ic_launcher_round"
26-->src\main\AndroidManifest.xml:11:9-54
27        android:supportsRtl="true"
27-->src\main\AndroidManifest.xml:12:9-35
28        android:theme="@style/AppTheme" >
28-->src\main\AndroidManifest.xml:13:9-40
29        <activity android:name="com.example.android.bakery.EditProfile" />
29-->src\main\AndroidManifest.xml:14:9-58
29-->src\main\AndroidManifest.xml:14:19-46
30        <activity
30-->src\main\AndroidManifest.xml:15:9-22:20
31            android:name="com.example.android.bakery.Home"
31-->src\main\AndroidManifest.xml:16:13-33
32            android:label="Home Activity "
32-->src\main\AndroidManifest.xml:17:13-43
33            android:parentActivityName="com.example.android.bakery.Login" >
33-->src\main\AndroidManifest.xml:18:13-48
34            <meta-data
34-->src\main\AndroidManifest.xml:19:9-21:64
35                android:name="android.support.PARENT_ACTIVITY"
35-->src\main\AndroidManifest.xml:20:13-59
36                android:value="com.example.android.bakery.Login" />
36-->src\main\AndroidManifest.xml:21:13-61
37        </activity>
38        <activity
38-->src\main\AndroidManifest.xml:23:9-32:20
39            android:name="com.example.android.bakery.Register"
39-->src\main\AndroidManifest.xml:24:13-37
40            android:label="@string/title_activity_register"
40-->src\main\AndroidManifest.xml:25:13-60
41            android:theme="@style/AppTheme.NoActionBar" >
41-->src\main\AndroidManifest.xml:26:13-56
42            <intent-filter>
42-->src\main\AndroidManifest.xml:27:13-31:29
43                <action android:name="android.intent.action.MAIN" />
43-->src\main\AndroidManifest.xml:28:17-69
43-->src\main\AndroidManifest.xml:28:25-66
44
45                <category android:name="android.intent.category.LAUNCHER" />
45-->src\main\AndroidManifest.xml:30:17-77
45-->src\main\AndroidManifest.xml:30:27-74
46            </intent-filter>
47        </activity>
48        <activity
48-->src\main\AndroidManifest.xml:33:9-40:20
49            android:name="com.example.android.bakery.Login"
49-->src\main\AndroidManifest.xml:34:13-34
50            android:label="@string/title_activity_login"
50-->src\main\AndroidManifest.xml:35:13-57
51            android:parentActivityName="com.example.android.bakery.Register" >
51-->src\main\AndroidManifest.xml:36:13-51
52            <meta-data
52-->src\main\AndroidManifest.xml:19:9-21:64
53                android:name="android.support.PARENT_ACTIVITY"
53-->src\main\AndroidManifest.xml:20:13-59
54                android:value="com.example.android.bakery.Register" />
54-->src\main\AndroidManifest.xml:21:13-61
55        </activity>
56        <activity
56-->src\main\AndroidManifest.xml:41:9-48:20
57            android:name="com.example.android.bakery.Logout"
57-->src\main\AndroidManifest.xml:42:13-35
58            android:label="@string/title_activity_logout"
58-->src\main\AndroidManifest.xml:43:13-58
59            android:parentActivityName="com.example.android.bakery.Register" >
59-->src\main\AndroidManifest.xml:44:13-51
60            <meta-data
60-->src\main\AndroidManifest.xml:19:9-21:64
61                android:name="android.support.PARENT_ACTIVITY"
61-->src\main\AndroidManifest.xml:20:13-59
62                android:value="com.example.android.bakery.Register" />
62-->src\main\AndroidManifest.xml:21:13-61
63        </activity>
64        <activity android:name="com.example.android.bakery.AppCompatPreferenceActivity" />
64-->src\main\AndroidManifest.xml:49:9-65
64-->src\main\AndroidManifest.xml:49:19-62
65
66        <service
66-->[com.google.firebase:firebase-database:19.5.1] AndroidManifest.xml:29:9-35:19
67            android:name="com.google.firebase.components.ComponentDiscoveryService"
67-->[com.google.firebase:firebase-database:19.5.1] AndroidManifest.xml:30:13-84
68            android:directBootAware="true"
68-->[com.google.firebase:firebase-common:19.3.1] AndroidManifest.xml:35:13-43
69            android:exported="false" >
69-->[com.google.firebase:firebase-database:19.5.1] AndroidManifest.xml:31:13-37
70            <meta-data
70-->[com.google.firebase:firebase-database:19.5.1] AndroidManifest.xml:32:13-34:85
71                android:name="com.google.firebase.components:com.google.firebase.database.DatabaseRegistrar"
71-->[com.google.firebase:firebase-database:19.5.1] AndroidManifest.xml:33:17-109
72                android:value="com.google.firebase.components.ComponentRegistrar" />
72-->[com.google.firebase:firebase-database:19.5.1] AndroidManifest.xml:34:17-82
73            <meta-data
73-->[com.google.firebase:firebase-firestore:22.0.0] AndroidManifest.xml:20:13-22:85
74                android:name="com.google.firebase.components:com.google.firebase.firestore.FirestoreRegistrar"
74-->[com.google.firebase:firebase-firestore:22.0.0] AndroidManifest.xml:21:17-111
75                android:value="com.google.firebase.components.ComponentRegistrar" />
75-->[com.google.firebase:firebase-firestore:22.0.0] AndroidManifest.xml:22:17-82
76            <meta-data
76-->[com.google.firebase:firebase-storage-ktx:19.2.0] AndroidManifest.xml:15:13-17:85
77                android:name="com.google.firebase.components:com.google.firebase.storage.ktx.FirebaseStorageKtxRegistrar"
77-->[com.google.firebase:firebase-storage-ktx:19.2.0] AndroidManifest.xml:16:17-122
78                android:value="com.google.firebase.components.ComponentRegistrar" />
78-->[com.google.firebase:firebase-storage-ktx:19.2.0] AndroidManifest.xml:17:17-82
79            <meta-data
79-->[com.google.firebase:firebase-auth:20.0.0] AndroidManifest.xml:85:13-87:85
80                android:name="com.google.firebase.components:com.google.firebase.auth.FirebaseAuthRegistrar"
80-->[com.google.firebase:firebase-auth:20.0.0] AndroidManifest.xml:86:17-109
81                android:value="com.google.firebase.components.ComponentRegistrar" />
81-->[com.google.firebase:firebase-auth:20.0.0] AndroidManifest.xml:87:17-82
82            <meta-data
82-->[com.google.firebase:firebase-storage:19.2.0] AndroidManifest.xml:33:13-35:85
83                android:name="com.google.firebase.components:com.google.firebase.storage.StorageRegistrar"
83-->[com.google.firebase:firebase-storage:19.2.0] AndroidManifest.xml:34:17-107
84                android:value="com.google.firebase.components.ComponentRegistrar" />
84-->[com.google.firebase:firebase-storage:19.2.0] AndroidManifest.xml:35:17-82
85            <meta-data
85-->[com.google.firebase:firebase-common-ktx:19.3.1] AndroidManifest.xml:15:13-17:85
86                android:name="com.google.firebase.components:com.google.firebase.ktx.FirebaseCommonKtxRegistrar"
86-->[com.google.firebase:firebase-common-ktx:19.3.1] AndroidManifest.xml:16:17-113
87                android:value="com.google.firebase.components.ComponentRegistrar" />
87-->[com.google.firebase:firebase-common-ktx:19.3.1] AndroidManifest.xml:17:17-82
88            <meta-data
88-->[com.google.android.gms:play-services-measurement-api:18.0.0] AndroidManifest.xml:30:13-32:85
89                android:name="com.google.firebase.components:com.google.firebase.analytics.connector.internal.AnalyticsConnectorRegistrar"
89-->[com.google.android.gms:play-services-measurement-api:18.0.0] AndroidManifest.xml:31:17-139
90                android:value="com.google.firebase.components.ComponentRegistrar" />
90-->[com.google.android.gms:play-services-measurement-api:18.0.0] AndroidManifest.xml:32:17-82
91            <meta-data
91-->[com.google.firebase:firebase-installations:16.3.3] AndroidManifest.xml:17:13-19:85
92                android:name="com.google.firebase.components:com.google.firebase.installations.FirebaseInstallationsRegistrar"
92-->[com.google.firebase:firebase-installations:16.3.3] AndroidManifest.xml:18:17-127
93                android:value="com.google.firebase.components.ComponentRegistrar" />
93-->[com.google.firebase:firebase-installations:16.3.3] AndroidManifest.xml:19:17-82
94        </service>
95
96        <provider
96-->[com.squareup.picasso:picasso:2.71828] AndroidManifest.xml:8:9-11:40
97            android:name="com.squareup.picasso.PicassoProvider"
97-->[com.squareup.picasso:picasso:2.71828] AndroidManifest.xml:9:13-64
98            android:authorities="com.example.android.bakery.com.squareup.picasso"
98-->[com.squareup.picasso:picasso:2.71828] AndroidManifest.xml:10:13-72
99            android:exported="false" />
99-->[com.squareup.picasso:picasso:2.71828] AndroidManifest.xml:11:13-37
100
101        <receiver
101-->[com.google.android.gms:play-services-measurement:18.0.0] AndroidManifest.xml:29:9-33:20
102            android:name="com.google.android.gms.measurement.AppMeasurementReceiver"
102-->[com.google.android.gms:play-services-measurement:18.0.0] AndroidManifest.xml:30:13-85
103            android:enabled="true"
103-->[com.google.android.gms:play-services-measurement:18.0.0] AndroidManifest.xml:31:13-35
104            android:exported="false" >
104-->[com.google.android.gms:play-services-measurement:18.0.0] AndroidManifest.xml:32:13-37
105        </receiver>
106
107        <service
107-->[com.google.android.gms:play-services-measurement:18.0.0] AndroidManifest.xml:35:9-38:40
108            android:name="com.google.android.gms.measurement.AppMeasurementService"
108-->[com.google.android.gms:play-services-measurement:18.0.0] AndroidManifest.xml:36:13-84
109            android:enabled="true"
109-->[com.google.android.gms:play-services-measurement:18.0.0] AndroidManifest.xml:37:13-35
110            android:exported="false" />
110-->[com.google.android.gms:play-services-measurement:18.0.0] AndroidManifest.xml:38:13-37
111        <service
111-->[com.google.android.gms:play-services-measurement:18.0.0] AndroidManifest.xml:39:9-43:72
112            android:name="com.google.android.gms.measurement.AppMeasurementJobService"
112-->[com.google.android.gms:play-services-measurement:18.0.0] AndroidManifest.xml:40:13-87
113            android:enabled="true"
113-->[com.google.android.gms:play-services-measurement:18.0.0] AndroidManifest.xml:41:13-35
114            android:exported="false"
114-->[com.google.android.gms:play-services-measurement:18.0.0] AndroidManifest.xml:42:13-37
115            android:permission="android.permission.BIND_JOB_SERVICE" />
115-->[com.google.android.gms:play-services-measurement:18.0.0] AndroidManifest.xml:43:13-69
116
117        <activity
117-->[com.google.firebase:firebase-auth:20.0.0] AndroidManifest.xml:27:9-34:50
118            android:name="com.google.firebase.auth.internal.FederatedSignInActivity"
118-->[com.google.firebase:firebase-auth:20.0.0] AndroidManifest.xml:28:13-85
119            android:excludeFromRecents="true"
119-->[com.google.firebase:firebase-auth:20.0.0] AndroidManifest.xml:29:13-46
120            android:exported="true"
120-->[com.google.firebase:firebase-auth:20.0.0] AndroidManifest.xml:30:13-36
121            android:launchMode="singleTask"
121-->[com.google.firebase:firebase-auth:20.0.0] AndroidManifest.xml:31:13-44
122            android:permission="com.google.firebase.auth.api.gms.permission.LAUNCH_FEDERATED_SIGN_IN"
122-->[com.google.firebase:firebase-auth:20.0.0] AndroidManifest.xml:32:13-102
123            android:theme="@android:style/Theme.Translucent.NoTitleBar" />
123-->[com.google.firebase:firebase-auth:20.0.0] AndroidManifest.xml:33:13-72
124        <activity
124-->[com.google.firebase:firebase-auth:20.0.0] AndroidManifest.xml:35:9-52:20
125            android:name="com.google.firebase.auth.internal.GenericIdpActivity"
125-->[com.google.firebase:firebase-auth:20.0.0] AndroidManifest.xml:36:13-80
126            android:excludeFromRecents="true"
126-->[com.google.firebase:firebase-auth:20.0.0] AndroidManifest.xml:37:13-46
127            android:exported="true"
127-->[com.google.firebase:firebase-auth:20.0.0] AndroidManifest.xml:38:13-36
128            android:launchMode="singleTask"
128-->[com.google.firebase:firebase-auth:20.0.0] AndroidManifest.xml:39:13-44
129            android:theme="@android:style/Theme.Translucent.NoTitleBar" >
129-->[com.google.firebase:firebase-auth:20.0.0] AndroidManifest.xml:40:13-72
130            <intent-filter>
130-->[com.google.firebase:firebase-auth:20.0.0] AndroidManifest.xml:41:13-51:29
131                <action android:name="android.intent.action.VIEW" />
131-->[com.google.firebase:firebase-auth:20.0.0] AndroidManifest.xml:42:17-69
131-->[com.google.firebase:firebase-auth:20.0.0] AndroidManifest.xml:42:25-66
132
133                <category android:name="android.intent.category.DEFAULT" />
133-->[com.google.firebase:firebase-auth:20.0.0] AndroidManifest.xml:44:17-76
133-->[com.google.firebase:firebase-auth:20.0.0] AndroidManifest.xml:44:27-73
134                <category android:name="android.intent.category.BROWSABLE" />
134-->[com.google.firebase:firebase-auth:20.0.0] AndroidManifest.xml:45:17-78
134-->[com.google.firebase:firebase-auth:20.0.0] AndroidManifest.xml:45:27-75
135
136                <data
136-->[com.google.firebase:firebase-auth:20.0.0] AndroidManifest.xml:47:17-50:51
137                    android:host="firebase.auth"
137-->[com.google.firebase:firebase-auth:20.0.0] AndroidManifest.xml:48:21-49
138                    android:path="/"
138-->[com.google.firebase:firebase-auth:20.0.0] AndroidManifest.xml:49:21-37
139                    android:scheme="genericidp" />
139-->[com.google.firebase:firebase-auth:20.0.0] AndroidManifest.xml:50:21-48
140            </intent-filter>
141        </activity>
142        <activity
142-->[com.google.firebase:firebase-auth:20.0.0] AndroidManifest.xml:53:9-70:20
143            android:name="com.google.firebase.auth.internal.RecaptchaActivity"
143-->[com.google.firebase:firebase-auth:20.0.0] AndroidManifest.xml:54:13-79
144            android:excludeFromRecents="true"
144-->[com.google.firebase:firebase-auth:20.0.0] AndroidManifest.xml:55:13-46
145            android:exported="true"
145-->[com.google.firebase:firebase-auth:20.0.0] AndroidManifest.xml:56:13-36
146            android:launchMode="singleTask"
146-->[com.google.firebase:firebase-auth:20.0.0] AndroidManifest.xml:57:13-44
147            android:theme="@android:style/Theme.Translucent.NoTitleBar" >
147-->[com.google.firebase:firebase-auth:20.0.0] AndroidManifest.xml:58:13-72
148            <intent-filter>
148-->[com.google.firebase:firebase-auth:20.0.0] AndroidManifest.xml:59:13-69:29
149                <action android:name="android.intent.action.VIEW" />
149-->[com.google.firebase:firebase-auth:20.0.0] AndroidManifest.xml:42:17-69
149-->[com.google.firebase:firebase-auth:20.0.0] AndroidManifest.xml:42:25-66
150
151                <category android:name="android.intent.category.DEFAULT" />
151-->[com.google.firebase:firebase-auth:20.0.0] AndroidManifest.xml:44:17-76
151-->[com.google.firebase:firebase-auth:20.0.0] AndroidManifest.xml:44:27-73
152                <category android:name="android.intent.category.BROWSABLE" />
152-->[com.google.firebase:firebase-auth:20.0.0] AndroidManifest.xml:45:17-78
152-->[com.google.firebase:firebase-auth:20.0.0] AndroidManifest.xml:45:27-75
153
154                <data
154-->[com.google.firebase:firebase-auth:20.0.0] AndroidManifest.xml:47:17-50:51
155                    android:host="firebase.auth"
155-->[com.google.firebase:firebase-auth:20.0.0] AndroidManifest.xml:48:21-49
156                    android:path="/"
156-->[com.google.firebase:firebase-auth:20.0.0] AndroidManifest.xml:49:21-37
157                    android:scheme="recaptcha" />
157-->[com.google.firebase:firebase-auth:20.0.0] AndroidManifest.xml:50:21-48
158            </intent-filter>
159        </activity>
160
161        <service
161-->[com.google.firebase:firebase-auth:20.0.0] AndroidManifest.xml:72:9-81:19
162            android:name="com.google.firebase.auth.api.fallback.service.FirebaseAuthFallbackService"
162-->[com.google.firebase:firebase-auth:20.0.0] AndroidManifest.xml:73:13-101
163            android:enabled="true"
163-->[com.google.firebase:firebase-auth:20.0.0] AndroidManifest.xml:74:13-35
164            android:exported="false" >
164-->[com.google.firebase:firebase-auth:20.0.0] AndroidManifest.xml:75:13-37
165            <intent-filter>
165-->[com.google.firebase:firebase-auth:20.0.0] AndroidManifest.xml:76:13-80:29
166                <action android:name="com.google.firebase.auth.api.gms.service.START" />
166-->[com.google.firebase:firebase-auth:20.0.0] AndroidManifest.xml:77:17-89
166-->[com.google.firebase:firebase-auth:20.0.0] AndroidManifest.xml:77:25-86
167
168                <category android:name="android.intent.category.DEFAULT" />
168-->[com.google.firebase:firebase-auth:20.0.0] AndroidManifest.xml:44:17-76
168-->[com.google.firebase:firebase-auth:20.0.0] AndroidManifest.xml:44:27-73
169            </intent-filter>
170        </service>
171
172        <activity
172-->[com.google.android.gms:play-services-base:17.1.0] AndroidManifest.xml:23:9-26:75
173            android:name="com.google.android.gms.common.api.GoogleApiActivity"
173-->[com.google.android.gms:play-services-base:17.1.0] AndroidManifest.xml:24:13-79
174            android:exported="false"
174-->[com.google.android.gms:play-services-base:17.1.0] AndroidManifest.xml:25:13-37
175            android:theme="@android:style/Theme.Translucent.NoTitleBar" />
175-->[com.google.android.gms:play-services-base:17.1.0] AndroidManifest.xml:26:13-72
176
177        <provider
177-->[com.google.firebase:firebase-common:19.3.1] AndroidManifest.xml:26:9-31:39
178            android:name="com.google.firebase.provider.FirebaseInitProvider"
178-->[com.google.firebase:firebase-common:19.3.1] AndroidManifest.xml:27:13-77
179            android:authorities="com.example.android.bakery.firebaseinitprovider"
179-->[com.google.firebase:firebase-common:19.3.1] AndroidManifest.xml:28:13-72
180            android:directBootAware="true"
180-->[com.google.firebase:firebase-common:19.3.1] AndroidManifest.xml:29:13-43
181            android:exported="false"
181-->[com.google.firebase:firebase-common:19.3.1] AndroidManifest.xml:30:13-37
182            android:initOrder="100" />
182-->[com.google.firebase:firebase-common:19.3.1] AndroidManifest.xml:31:13-36
183
184        <meta-data
184-->[com.google.android.gms:play-services-basement:17.1.0] AndroidManifest.xml:23:9-25:69
185            android:name="com.google.android.gms.version"
185-->[com.google.android.gms:play-services-basement:17.1.0] AndroidManifest.xml:24:13-58
186            android:value="@integer/google_play_services_version" />
186-->[com.google.android.gms:play-services-basement:17.1.0] AndroidManifest.xml:25:13-66
187
188        <provider
188-->[androidx.lifecycle:lifecycle-process:2.2.0] AndroidManifest.xml:25:9-29:43
189            android:name="androidx.lifecycle.ProcessLifecycleOwnerInitializer"
189-->[androidx.lifecycle:lifecycle-process:2.2.0] AndroidManifest.xml:26:13-79
190            android:authorities="com.example.android.bakery.lifecycle-process"
190-->[androidx.lifecycle:lifecycle-process:2.2.0] AndroidManifest.xml:27:13-69
191            android:exported="false"
191-->[androidx.lifecycle:lifecycle-process:2.2.0] AndroidManifest.xml:28:13-37
192            android:multiprocess="true" />
192-->[androidx.lifecycle:lifecycle-process:2.2.0] AndroidManifest.xml:29:13-40
193    </application>
194
195</manifest>